This file contains any messages produced by compilers while
running configure, to aid debugging if configure makes a mistake.

It was created by OMR configure 1.0, which was
generated by GNU Autoconf 2.67.  Invocation command line was

  $ ./configure SPEC=linux-x86 OMR_TARGET_DATASIZE=32 OMRGLUE=./example/glue

## --------- ##
## Platform. ##
## --------- ##

hostname = zgl
uname -m = x86_64
uname -r = 3.10.0-327.18.2.el7.x86_64
uname -s = Linux
uname -v = #1 SMP Fri Apr 8 05:09:53 EDT 2016

/usr/bin/uname -p = x86_64
/bin/uname -X     = unknown

/bin/arch              = x86_64
/usr/bin/arch -k       = unknown
/usr/convex/getsysinfo = unknown
/usr/bin/hostinfo      = unknown
/bin/machine           = unknown
/usr/bin/oslevel       = unknown
/bin/universe          = unknown

PATH: /usr/lib64/qt-3.3/bin
PATH: /usr/local/bin
PATH: /usr/bin
PATH: /home/zhanggan/bin
PATH: /usr/local/sbin
PATH: /usr/sbin
PATH: /opt/ibm/c4eb/bin
PATH: /usr/kerberos/bin


## ----------- ##
## Core tests. ##
## ----------- ##

configure:2607: checking build system type
configure:2621: result: x86_64-unknown-linux-gnu
configure:2641: checking host system type
configure:2654: result: x86_64-unknown-linux-gnu
configure:2805: checking OMR_HOST_OS
configure:2838: result: linux
configure:2843: checking OMR_HOST_ARCH
configure:2876: result: x86
configure:2948: checking for gcc
configure:2964: found /usr/bin/gcc
configure:2975: result: gcc
configure:3204: checking for C compiler version
configure:3213: gcc --version >&5
gcc (GCC) 4.8.5 20150623 (Red Hat 4.8.5-4)
Copyright (C) 2015 Free Software Foundation, Inc.
This is free software; see the source for copying conditions.  There is NO
warranty; not even for MERCHANTABILITY or FITNESS FOR A PARTICULAR PURPOSE.

configure:3224: $? = 0
configure:3213: gcc -v >&5
Using built-in specs.
COLLECT_GCC=gcc
COLLECT_LTO_WRAPPER=/usr/libexec/gcc/x86_64-redhat-linux/4.8.5/lto-wrapper
Target: x86_64-redhat-linux
Configured with: ../configure --prefix=/usr --mandir=/usr/share/man --infodir=/usr/share/info --with-bugurl=http://bugzilla.redhat.com/bugzilla --enable-bootstrap --enable-shared --enable-threads=posix --enable-checking=release --with-system-zlib --enable-__cxa_atexit --disable-libunwind-exceptions --enable-gnu-unique-object --enable-linker-build-id --with-linker-hash-style=gnu --enable-languages=c,c++,objc,obj-c++,java,fortran,ada,go,lto --enable-plugin --enable-initfini-array --disable-libgcj --with-isl=/builddir/build/BUILD/gcc-4.8.5-20150702/obj-x86_64-redhat-linux/isl-install --with-cloog=/builddir/build/BUILD/gcc-4.8.5-20150702/obj-x86_64-redhat-linux/cloog-install --enable-gnu-indirect-function --with-tune=generic --with-arch_32=x86-64 --build=x86_64-redhat-linux
Thread model: posix
gcc version 4.8.5 20150623 (Red Hat 4.8.5-4) (GCC) 
configure:3224: $? = 0
configure:3213: gcc -V >&5
gcc: error: unrecognized command line option '-V'
gcc: fatal error: no input files
compilation terminated.
configure:3224: $? = 4
configure:3213: gcc -qversion >&5
gcc: error: unrecognized command line option '-qversion'
gcc: fatal error: no input files
compilation terminated.
configure:3224: $? = 4
configure:3244: checking whether the C compiler works
configure:3266: gcc    conftest.c  >&5
configure:3270: $? = 0
configure:3318: result: yes
configure:3321: checking for C compiler default output file name
configure:3323: result: a.out
configure:3329: checking for suffix of executables
configure:3336: gcc -o conftest    conftest.c  >&5
configure:3340: $? = 0
configure:3362: result: 
configure:3384: checking whether we are cross compiling
configure:3392: gcc -o conftest    conftest.c  >&5
configure:3396: $? = 0
configure:3403: ./conftest
configure:3407: $? = 0
configure:3422: result: no
configure:3427: checking for suffix of object files
configure:3449: gcc -c   conftest.c >&5
configure:3453: $? = 0
configure:3474: result: o
configure:3478: checking whether we are using the GNU C compiler
configure:3497: gcc -c   conftest.c >&5
configure:3497: $? = 0
configure:3506: result: yes
configure:3515: checking whether gcc accepts -g
configure:3535: gcc -c -g  conftest.c >&5
configure:3535: $? = 0
configure:3576: result: yes
configure:3593: checking for gcc option to accept ISO C89
configure:3657: gcc  -c   conftest.c >&5
configure:3657: $? = 0
configure:3670: result: none needed
configure:3696: checking how to run the C preprocessor
configure:3727: gcc -E  conftest.c
configure:3727: $? = 0
configure:3741: gcc -E  conftest.c
conftest.c:9:28: fatal error: ac_nonexistent.h: No such file or directory
 #include <ac_nonexistent.h>
                            ^
compilation terminated.
configure:3741: $? = 1
configure: failed program was:
| /* confdefs.h */
| #define PACKAGE_NAME "OMR"
| #define PACKAGE_TARNAME "omr"
| #define PACKAGE_VERSION "1.0"
| #define PACKAGE_STRING "OMR 1.0"
| #define PACKAGE_BUGREPORT ""
| #define PACKAGE_URL ""
| /* end confdefs.h.  */
| #include <ac_nonexistent.h>
configure:3766: result: gcc -E
configure:3786: gcc -E  conftest.c
configure:3786: $? = 0
configure:3800: gcc -E  conftest.c
conftest.c:9:28: fatal error: ac_nonexistent.h: No such file or directory
 #include <ac_nonexistent.h>
                            ^
compilation terminated.
configure:3800: $? = 1
configure: failed program was:
| /* confdefs.h */
| #define PACKAGE_NAME "OMR"
| #define PACKAGE_TARNAME "omr"
| #define PACKAGE_VERSION "1.0"
| #define PACKAGE_STRING "OMR 1.0"
| #define PACKAGE_BUGREPORT ""
| #define PACKAGE_URL ""
| /* end confdefs.h.  */
| #include <ac_nonexistent.h>
configure:3829: checking for grep that handles long lines and -e
configure:3887: result: /usr/bin/grep
configure:3892: checking for egrep
configure:3954: result: /usr/bin/grep -E
configure:3959: checking for ANSI C header files
configure:3979: gcc -c   conftest.c >&5
configure:3979: $? = 0
configure:4052: gcc -o conftest    conftest.c  >&5
configure:4052: $? = 0
configure:4052: ./conftest
configure:4052: $? = 0
configure:4063: result: yes
configure:4076: checking for sys/types.h
configure:4076: gcc -c   conftest.c >&5
configure:4076: $? = 0
configure:4076: result: yes
configure:4076: checking for sys/stat.h
configure:4076: gcc -c   conftest.c >&5
configure:4076: $? = 0
configure:4076: result: yes
configure:4076: checking for stdlib.h
configure:4076: gcc -c   conftest.c >&5
configure:4076: $? = 0
configure:4076: result: yes
configure:4076: checking for string.h
configure:4076: gcc -c   conftest.c >&5
configure:4076: $? = 0
configure:4076: result: yes
configure:4076: checking for memory.h
configure:4076: gcc -c   conftest.c >&5
configure:4076: $? = 0
configure:4076: result: yes
configure:4076: checking for strings.h
configure:4076: gcc -c   conftest.c >&5
configure:4076: $? = 0
configure:4076: result: yes
configure:4076: checking for inttypes.h
configure:4076: gcc -c   conftest.c >&5
configure:4076: $? = 0
configure:4076: result: yes
configure:4076: checking for stdint.h
configure:4076: gcc -c   conftest.c >&5
configure:4076: $? = 0
configure:4076: result: yes
configure:4076: checking for unistd.h
configure:4076: gcc -c   conftest.c >&5
configure:4076: $? = 0
configure:4076: result: yes
configure:4124: checking OMR_TARGET_DATASIZE
configure:4147: result: 32
configure:4150: checking OMR_TOOLCHAIN
configure:4178: gcc -c   conftest.c >&5
conftest.c:20:2: error: #error not an msvc compiler
 #error not an msvc compiler
  ^
configure:4178: $? = 1
configure: failed program was:
| /* confdefs.h */
| #define PACKAGE_NAME "OMR"
| #define PACKAGE_TARNAME "omr"
| #define PACKAGE_VERSION "1.0"
| #define PACKAGE_STRING "OMR 1.0"
| #define PACKAGE_BUGREPORT ""
| #define PACKAGE_URL ""
| #define STDC_HEADERS 1
| #define HAVE_SYS_TYPES_H 1
| #define HAVE_SYS_STAT_H 1
| #define HAVE_STDLIB_H 1
| #define HAVE_STRING_H 1
| #define HAVE_MEMORY_H 1
| #define HAVE_STRINGS_H 1
| #define HAVE_INTTYPES_H 1
| #define HAVE_STDINT_H 1
| #define HAVE_UNISTD_H 1
| /* end confdefs.h.  */
| #ifndef _MSC_VER
| #error not an msvc compiler
| #endif
| int
| main ()
| {
| 
|   ;
|   return 0;
| }
configure:4219: result: gcc
configure:4273: checking for gcc
configure:4300: result: gcc
configure:4529: checking for C compiler version
configure:4538: gcc --version >&5
gcc (GCC) 4.8.5 20150623 (Red Hat 4.8.5-4)
Copyright (C) 2015 Free Software Foundation, Inc.
This is free software; see the source for copying conditions.  There is NO
warranty; not even for MERCHANTABILITY or FITNESS FOR A PARTICULAR PURPOSE.

configure:4549: $? = 0
configure:4538: gcc -v >&5
Using built-in specs.
COLLECT_GCC=gcc
COLLECT_LTO_WRAPPER=/usr/libexec/gcc/x86_64-redhat-linux/4.8.5/lto-wrapper
Target: x86_64-redhat-linux
Configured with: ../configure --prefix=/usr --mandir=/usr/share/man --infodir=/usr/share/info --with-bugurl=http://bugzilla.redhat.com/bugzilla --enable-bootstrap --enable-shared --enable-threads=posix --enable-checking=release --with-system-zlib --enable-__cxa_atexit --disable-libunwind-exceptions --enable-gnu-unique-object --enable-linker-build-id --with-linker-hash-style=gnu --enable-languages=c,c++,objc,obj-c++,java,fortran,ada,go,lto --enable-plugin --enable-initfini-array --disable-libgcj --with-isl=/builddir/build/BUILD/gcc-4.8.5-20150702/obj-x86_64-redhat-linux/isl-install --with-cloog=/builddir/build/BUILD/gcc-4.8.5-20150702/obj-x86_64-redhat-linux/cloog-install --enable-gnu-indirect-function --with-tune=generic --with-arch_32=x86-64 --build=x86_64-redhat-linux
Thread model: posix
gcc version 4.8.5 20150623 (Red Hat 4.8.5-4) (GCC) 
configure:4549: $? = 0
configure:4538: gcc -V >&5
gcc: error: unrecognized command line option '-V'
gcc: fatal error: no input files
compilation terminated.
configure:4549: $? = 4
configure:4538: gcc -qversion >&5
gcc: error: unrecognized command line option '-qversion'
gcc: fatal error: no input files
compilation terminated.
configure:4549: $? = 4
configure:4553: checking whether we are using the GNU C compiler
configure:4581: result: yes
configure:4590: checking whether gcc accepts -g
configure:4651: result: yes
configure:4668: checking for gcc option to accept ISO C89
configure:4745: result: none needed
configure:4823: checking for g++
configure:4839: found /usr/bin/g++
configure:4850: result: g++
configure:4877: checking for C++ compiler version
configure:4886: g++ --version >&5
g++ (GCC) 4.8.5 20150623 (Red Hat 4.8.5-4)
Copyright (C) 2015 Free Software Foundation, Inc.
This is free software; see the source for copying conditions.  There is NO
warranty; not even for MERCHANTABILITY or FITNESS FOR A PARTICULAR PURPOSE.

configure:4897: $? = 0
configure:4886: g++ -v >&5
Using built-in specs.
COLLECT_GCC=g++
COLLECT_LTO_WRAPPER=/usr/libexec/gcc/x86_64-redhat-linux/4.8.5/lto-wrapper
Target: x86_64-redhat-linux
Configured with: ../configure --prefix=/usr --mandir=/usr/share/man --infodir=/usr/share/info --with-bugurl=http://bugzilla.redhat.com/bugzilla --enable-bootstrap --enable-shared --enable-threads=posix --enable-checking=release --with-system-zlib --enable-__cxa_atexit --disable-libunwind-exceptions --enable-gnu-unique-object --enable-linker-build-id --with-linker-hash-style=gnu --enable-languages=c,c++,objc,obj-c++,java,fortran,ada,go,lto --enable-plugin --enable-initfini-array --disable-libgcj --with-isl=/builddir/build/BUILD/gcc-4.8.5-20150702/obj-x86_64-redhat-linux/isl-install --with-cloog=/builddir/build/BUILD/gcc-4.8.5-20150702/obj-x86_64-redhat-linux/cloog-install --enable-gnu-indirect-function --with-tune=generic --with-arch_32=x86-64 --build=x86_64-redhat-linux
Thread model: posix
gcc version 4.8.5 20150623 (Red Hat 4.8.5-4) (GCC) 
configure:4897: $? = 0
configure:4886: g++ -V >&5
g++: error: unrecognized command line option '-V'
g++: fatal error: no input files
compilation terminated.
configure:4897: $? = 4
configure:4886: g++ -qversion >&5
g++: error: unrecognized command line option '-qversion'
g++: fatal error: no input files
compilation terminated.
configure:4897: $? = 4
configure:4901: checking whether we are using the GNU C++ compiler
configure:4920: g++ -c   conftest.cpp >&5
configure:4920: $? = 0
configure:4929: result: yes
configure:4938: checking whether g++ accepts -g
configure:4958: g++ -c -g  conftest.cpp >&5
configure:4958: $? = 0
configure:4999: result: yes
configure:6991: checking whether byte ordering is bigendian
configure:7006: gcc -c   conftest.c >&5
conftest.c:20:9: error: unknown type name 'not'
         not a universal capable compiler
         ^
conftest.c:20:15: error: expected '=', ',', ';', 'asm' or '__attribute__' before 'universal'
         not a universal capable compiler
               ^
conftest.c:20:15: error: unknown type name 'universal'
configure:7006: $? = 1
configure: failed program was:
| /* confdefs.h */
| #define PACKAGE_NAME "OMR"
| #define PACKAGE_TARNAME "omr"
| #define PACKAGE_VERSION "1.0"
| #define PACKAGE_STRING "OMR 1.0"
| #define PACKAGE_BUGREPORT ""
| #define PACKAGE_URL ""
| #define STDC_HEADERS 1
| #define HAVE_SYS_TYPES_H 1
| #define HAVE_SYS_STAT_H 1
| #define HAVE_STDLIB_H 1
| #define HAVE_STRING_H 1
| #define HAVE_MEMORY_H 1
| #define HAVE_STRINGS_H 1
| #define HAVE_INTTYPES_H 1
| #define HAVE_STDINT_H 1
| #define HAVE_UNISTD_H 1
| /* end confdefs.h.  */
| #ifndef __APPLE_CC__
| 	       not a universal capable compiler
| 	     #endif
| 	     typedef int dummy;
| 
configure:7051: gcc -c   conftest.c >&5
configure:7051: $? = 0
configure:7069: gcc -c   conftest.c >&5
conftest.c: In function 'main':
conftest.c:26:4: error: unknown type name 'not'
    not big endian
    ^
conftest.c:26:12: error: expected '=', ',', ';', 'asm' or '__attribute__' before 'endian'
    not big endian
            ^
configure:7069: $? = 1
configure: failed program was:
| /* confdefs.h */
| #define PACKAGE_NAME "OMR"
| #define PACKAGE_TARNAME "omr"
| #define PACKAGE_VERSION "1.0"
| #define PACKAGE_STRING "OMR 1.0"
| #define PACKAGE_BUGREPORT ""
| #define PACKAGE_URL ""
| #define STDC_HEADERS 1
| #define HAVE_SYS_TYPES_H 1
| #define HAVE_SYS_STAT_H 1
| #define HAVE_STDLIB_H 1
| #define HAVE_STRING_H 1
| #define HAVE_MEMORY_H 1
| #define HAVE_STRINGS_H 1
| #define HAVE_INTTYPES_H 1
| #define HAVE_STDINT_H 1
| #define HAVE_UNISTD_H 1
| /* end confdefs.h.  */
| #include <sys/types.h>
| 		#include <sys/param.h>
| 
| int
| main ()
| {
| #if BYTE_ORDER != BIG_ENDIAN
| 		 not big endian
| 		#endif
| 
|   ;
|   return 0;
| }
configure:7197: result: no
configure:7386: checking numa.h usability
configure:7386: gcc -c   conftest.c >&5
configure:7386: $? = 0
configure:7386: result: yes
configure:7386: checking numa.h presence
configure:7386: gcc -E  conftest.c
configure:7386: $? = 0
configure:7386: result: yes
configure:7386: checking for numa.h
configure:7386: result: yes
configure:7813: checking libdwarf.h usability
configure:7813: gcc -c   conftest.c >&5
conftest.c:53:22: fatal error: libdwarf.h: No such file or directory
 #include <libdwarf.h>
                      ^
compilation terminated.
configure:7813: $? = 1
configure: failed program was:
| /* confdefs.h */
| #define PACKAGE_NAME "OMR"
| #define PACKAGE_TARNAME "omr"
| #define PACKAGE_VERSION "1.0"
| #define PACKAGE_STRING "OMR 1.0"
| #define PACKAGE_BUGREPORT ""
| #define PACKAGE_URL ""
| #define STDC_HEADERS 1
| #define HAVE_SYS_TYPES_H 1
| #define HAVE_SYS_STAT_H 1
| #define HAVE_STDLIB_H 1
| #define HAVE_STRING_H 1
| #define HAVE_MEMORY_H 1
| #define HAVE_STRINGS_H 1
| #define HAVE_INTTYPES_H 1
| #define HAVE_STDINT_H 1
| #define HAVE_UNISTD_H 1
| #define HAVE_NUMA_H 1
| /* end confdefs.h.  */
| #include <stdio.h>
| #ifdef HAVE_SYS_TYPES_H
| # include <sys/types.h>
| #endif
| #ifdef HAVE_SYS_STAT_H
| # include <sys/stat.h>
| #endif
| #ifdef STDC_HEADERS
| # include <stdlib.h>
| # include <stddef.h>
| #else
| # ifdef HAVE_STDLIB_H
| #  include <stdlib.h>
| # endif
| #endif
| #ifdef HAVE_STRING_H
| # if !defined STDC_HEADERS && defined HAVE_MEMORY_H
| #  include <memory.h>
| # endif
| # include <string.h>
| #endif
| #ifdef HAVE_STRINGS_H
| # include <strings.h>
| #endif
| #ifdef HAVE_INTTYPES_H
| # include <inttypes.h>
| #endif
| #ifdef HAVE_STDINT_H
| # include <stdint.h>
| #endif
| #ifdef HAVE_UNISTD_H
| # include <unistd.h>
| #endif
| #include <libdwarf.h>
configure:7813: result: no
configure:7813: checking libdwarf.h presence
configure:7813: gcc -E  conftest.c
conftest.c:20:22: fatal error: libdwarf.h: No such file or directory
 #include <libdwarf.h>
                      ^
compilation terminated.
configure:7813: $? = 1
configure: failed program was:
| /* confdefs.h */
| #define PACKAGE_NAME "OMR"
| #define PACKAGE_TARNAME "omr"
| #define PACKAGE_VERSION "1.0"
| #define PACKAGE_STRING "OMR 1.0"
| #define PACKAGE_BUGREPORT ""
| #define PACKAGE_URL ""
| #define STDC_HEADERS 1
| #define HAVE_SYS_TYPES_H 1
| #define HAVE_SYS_STAT_H 1
| #define HAVE_STDLIB_H 1
| #define HAVE_STRING_H 1
| #define HAVE_MEMORY_H 1
| #define HAVE_STRINGS_H 1
| #define HAVE_INTTYPES_H 1
| #define HAVE_STDINT_H 1
| #define HAVE_UNISTD_H 1
| #define HAVE_NUMA_H 1
| /* end confdefs.h.  */
| #include <libdwarf.h>
configure:7813: result: no
configure:7813: checking for libdwarf.h
configure:7813: result: no
configure:7817: checking /usr/include/libdwarf/libdwarf.h usability
configure:7817: gcc -c   conftest.c >&5
conftest.c:53:44: fatal error: /usr/include/libdwarf/libdwarf.h: No such file or directory
 #include </usr/include/libdwarf/libdwarf.h>
                                            ^
compilation terminated.
configure:7817: $? = 1
configure: failed program was:
| /* confdefs.h */
| #define PACKAGE_NAME "OMR"
| #define PACKAGE_TARNAME "omr"
| #define PACKAGE_VERSION "1.0"
| #define PACKAGE_STRING "OMR 1.0"
| #define PACKAGE_BUGREPORT ""
| #define PACKAGE_URL ""
| #define STDC_HEADERS 1
| #define HAVE_SYS_TYPES_H 1
| #define HAVE_SYS_STAT_H 1
| #define HAVE_STDLIB_H 1
| #define HAVE_STRING_H 1
| #define HAVE_MEMORY_H 1
| #define HAVE_STRINGS_H 1
| #define HAVE_INTTYPES_H 1
| #define HAVE_STDINT_H 1
| #define HAVE_UNISTD_H 1
| #define HAVE_NUMA_H 1
| /* end confdefs.h.  */
| #include <stdio.h>
| #ifdef HAVE_SYS_TYPES_H
| # include <sys/types.h>
| #endif
| #ifdef HAVE_SYS_STAT_H
| # include <sys/stat.h>
| #endif
| #ifdef STDC_HEADERS
| # include <stdlib.h>
| # include <stddef.h>
| #else
| # ifdef HAVE_STDLIB_H
| #  include <stdlib.h>
| # endif
| #endif
| #ifdef HAVE_STRING_H
| # if !defined STDC_HEADERS && defined HAVE_MEMORY_H
| #  include <memory.h>
| # endif
| # include <string.h>
| #endif
| #ifdef HAVE_STRINGS_H
| # include <strings.h>
| #endif
| #ifdef HAVE_INTTYPES_H
| # include <inttypes.h>
| #endif
| #ifdef HAVE_STDINT_H
| # include <stdint.h>
| #endif
| #ifdef HAVE_UNISTD_H
| # include <unistd.h>
| #endif
| #include </usr/include/libdwarf/libdwarf.h>
configure:7817: result: no
configure:7817: checking /usr/include/libdwarf/libdwarf.h presence
configure:7817: gcc -E  conftest.c
conftest.c:20:44: fatal error: /usr/include/libdwarf/libdwarf.h: No such file or directory
 #include </usr/include/libdwarf/libdwarf.h>
                                            ^
compilation terminated.
configure:7817: $? = 1
configure: failed program was:
| /* confdefs.h */
| #define PACKAGE_NAME "OMR"
| #define PACKAGE_TARNAME "omr"
| #define PACKAGE_VERSION "1.0"
| #define PACKAGE_STRING "OMR 1.0"
| #define PACKAGE_BUGREPORT ""
| #define PACKAGE_URL ""
| #define STDC_HEADERS 1
| #define HAVE_SYS_TYPES_H 1
| #define HAVE_SYS_STAT_H 1
| #define HAVE_STDLIB_H 1
| #define HAVE_STRING_H 1
| #define HAVE_MEMORY_H 1
| #define HAVE_STRINGS_H 1
| #define HAVE_INTTYPES_H 1
| #define HAVE_STDINT_H 1
| #define HAVE_UNISTD_H 1
| #define HAVE_NUMA_H 1
| /* end confdefs.h.  */
| #include </usr/include/libdwarf/libdwarf.h>
configure:7817: result: no
configure:7817: checking for /usr/include/libdwarf/libdwarf.h
configure:7817: result: no
configure:7830: checking for /usr/lib/libdwarf.so
configure:7843: result: no
configure:7934: checking for ./OMR_VERSION_STRING
configure:7948: result: no
configure:7968: checking for ./OMR_JIT_VERSION_STRING
configure:7982: result: no
configure:8149: creating ./config.status

## ---------------------- ##
## Running config.status. ##
## ---------------------- ##

This file was extended by OMR config.status 1.0, which was
generated by GNU Autoconf 2.67.  Invocation command line was

  CONFIG_FILES    = 
  CONFIG_HEADERS  = 
  CONFIG_LINKS    = 
  CONFIG_COMMANDS = 
  $ ./config.status 

on zgl

config.status:897: creating include_core/omrversionstrings.h
config.status:897: creating include_core/omrcfg.h
config.status:897: creating omrmakefiles/configure.mk
config.status:1062: executing toolconfigure commands

## ---------------- ##
## Cache variables. ##
## ---------------- ##

ac_cv_build=x86_64-unknown-linux-gnu
ac_cv_c_bigendian=no
ac_cv_c_compiler_gnu=yes
ac_cv_cxx_compiler_gnu=yes
ac_cv_env_CCC_set=
ac_cv_env_CCC_value=
ac_cv_env_CC_set=
ac_cv_env_CC_value=
ac_cv_env_CFLAGS_set=
ac_cv_env_CFLAGS_value=
ac_cv_env_CPPFLAGS_set=
ac_cv_env_CPPFLAGS_value=
ac_cv_env_CPP_set=
ac_cv_env_CPP_value=
ac_cv_env_CXXFLAGS_set=
ac_cv_env_CXXFLAGS_value=
ac_cv_env_CXX_set=
ac_cv_env_CXX_value=
ac_cv_env_LDFLAGS_set=
ac_cv_env_LDFLAGS_value=
ac_cv_env_LIBS_set=
ac_cv_env_LIBS_value=
ac_cv_env_OMRGLUE_CFLAGS_set=
ac_cv_env_OMRGLUE_CFLAGS_value=
ac_cv_env_OMRGLUE_CPPFLAGS_set=
ac_cv_env_OMRGLUE_CPPFLAGS_value=
ac_cv_env_OMRGLUE_CXXFLAGS_set=
ac_cv_env_OMRGLUE_CXXFLAGS_value=
ac_cv_env_OMRGLUE_INCLUDES_set=
ac_cv_env_OMRGLUE_INCLUDES_value=
ac_cv_env_OMRGLUE_set=set
ac_cv_env_OMRGLUE_value=./example/glue
ac_cv_env_OMR_CROSS_CONFIGURE_set=
ac_cv_env_OMR_CROSS_CONFIGURE_value=
ac_cv_env_OMR_HOST_ARCH_set=
ac_cv_env_OMR_HOST_ARCH_value=
ac_cv_env_OMR_HOST_OS_set=
ac_cv_env_OMR_HOST_OS_value=
ac_cv_env_OMR_TARGET_DATASIZE_set=set
ac_cv_env_OMR_TARGET_DATASIZE_value=32
ac_cv_env_OMR_TOOLCHAIN_set=
ac_cv_env_OMR_TOOLCHAIN_value=
ac_cv_env_SPEC_set=set
ac_cv_env_SPEC_value=linux-x86
ac_cv_env_build_alias_set=
ac_cv_env_build_alias_value=
ac_cv_env_exe_output_dir_set=
ac_cv_env_exe_output_dir_value=
ac_cv_env_host_alias_set=
ac_cv_env_host_alias_value=
ac_cv_env_lib_output_dir_set=
ac_cv_env_lib_output_dir_value=
ac_cv_env_target_alias_set=
ac_cv_env_target_alias_value=
ac_cv_file___OMR_JIT_VERSION_STRING=no
ac_cv_file___OMR_VERSION_STRING=no
ac_cv_file__usr_lib_libdwarf_so=no
ac_cv_header__usr_include_libdwarf_libdwarf_h=no
ac_cv_header_inttypes_h=yes
ac_cv_header_libdwarf_h=no
ac_cv_header_memory_h=yes
ac_cv_header_numa_h=yes
ac_cv_header_stdc=yes
ac_cv_header_stdint_h=yes
ac_cv_header_stdlib_h=yes
ac_cv_header_string_h=yes
ac_cv_header_strings_h=yes
ac_cv_header_sys_stat_h=yes
ac_cv_header_sys_types_h=yes
ac_cv_header_unistd_h=yes
ac_cv_host=x86_64-unknown-linux-gnu
ac_cv_objext=o
ac_cv_path_EGREP='/usr/bin/grep -E'
ac_cv_path_GREP=/usr/bin/grep
ac_cv_prog_CPP='gcc -E'
ac_cv_prog_ac_ct_CC=gcc
ac_cv_prog_ac_ct_CXX=g++
ac_cv_prog_cc_c89=
ac_cv_prog_cc_g=yes
ac_cv_prog_cxx_g=yes

## ----------------- ##
## Output variables. ##
## ----------------- ##

AR='ar'
ARFLAGS=''
AS='as'
CC='gcc'
CCLINK='$(CC)'
CCLINKEXE='$(CCLINK)'
CCLINKSHARED='$(CCLINK)'
CFLAGS=''
CPP='gcc -E'
CPPFLAGS=''
CXX='g++'
CXXFLAGS=''
CXXLINK='$(CXX)'
CXXLINKEXE='$(CXXLINK)'
CXXLINKSHARED='$(CXXLINK)'
DEFS='-DPACKAGE_NAME=\"OMR\" -DPACKAGE_TARNAME=\"omr\" -DPACKAGE_VERSION=\"1.0\" -DPACKAGE_STRING=\"OMR\ 1.0\" -DPACKAGE_BUGREPORT=\"\" -DPACKAGE_URL=\"\" -DSTDC_HEADERS=1 -DHAVE_SYS_TYPES_H=1 -DHAVE_SYS_STAT_H=1 -DHAVE_STDLIB_H=1 -DHAVE_STRING_H=1 -DHAVE_MEMORY_H=1 -DHAVE_STRINGS_H=1 -DHAVE_INTTYPES_H=1 -DHAVE_STDINT_H=1 -DHAVE_UNISTD_H=1 -DHAVE_NUMA_H=1'
ECHO_C=''
ECHO_N='-n'
ECHO_T=''
EGREP='/usr/bin/grep -E'
EXEEXT=''
GLOBAL_ARFLAGS=''
GLOBAL_CFLAGS=''
GLOBAL_CPPFLAGS=''
GLOBAL_CXXFLAGS=''
GLOBAL_INCLUDES=''
GLOBAL_LDFLAGS=''
GLOBAL_LIBPATH=''
GLOBAL_SHARED_LIBS=''
GLOBAL_STATIC_LIBS=''
GREP='/usr/bin/grep'
LDFLAGS=''
LIBOBJS=''
LIBS=''
LTLIBOBJS=''
OBJCOPY='objcopy'
OBJEXT='o'
OMRGLUE='./example/glue'
OMRGLUE_CFLAGS=''
OMRGLUE_CPPFLAGS=''
OMRGLUE_CXXFLAGS=''
OMRGLUE_INCLUDES=''
OMRTHREAD_LIB_AIX='#undef OMRTHREAD_LIB_AIX'
OMRTHREAD_LIB_UNIX='#define OMRTHREAD_LIB_UNIX 1'
OMRTHREAD_LIB_WIN32='#undef OMRTHREAD_LIB_WIN32'
OMRTHREAD_LIB_ZOS='#undef OMRTHREAD_LIB_ZOS'
OMR_ARCH_ARM='#undef OMR_ARCH_ARM'
OMR_ARCH_POWER='#undef OMR_ARCH_POWER'
OMR_ARCH_S390='#undef OMR_ARCH_S390'
OMR_ARCH_X86='#undef OMR_ARCH_X86'
OMR_CROSS_COMPILE='0'
OMR_CROSS_CONFIGURE=''
OMR_DEBUG='1'
OMR_ENHANCED_WARNINGS='1'
OMR_ENV_DATA64='#undef OMR_ENV_DATA64'
OMR_ENV_GCC='#undef OMR_ENV_GCC'
OMR_ENV_LITTLE_ENDIAN='#define OMR_ENV_LITTLE_ENDIAN'
OMR_EXAMPLE='#undef OMR_EXAMPLE'
OMR_GC='#define OMR_GC'
OMR_GC_ALLOCATION_TAX='#define OMR_GC_ALLOCATION_TAX'
OMR_GC_ARRAYLETS='#define OMR_GC_ARRAYLETS'
OMR_GC_BATCH_CLEAR_TLH='#define OMR_GC_BATCH_CLEAR_TLH'
OMR_GC_COMBINATION_SPEC='#define OMR_GC_COMBINATION_SPEC'
OMR_GC_COMPRESSED_POINTERS='#undef OMR_GC_COMPRESSED_POINTERS'
OMR_GC_CONCURRENT_SCAVENGER='#undef OMR_GC_CONCURRENT_SCAVENGER'
OMR_GC_CONCURRENT_SWEEP='#undef OMR_GC_CONCURRENT_SWEEP'
OMR_GC_DEBUG_ASSERTS='#define OMR_GC_DEBUG_ASSERTS'
OMR_GC_DYNAMIC_CLASS_UNLOADING='#undef OMR_GC_DYNAMIC_CLASS_UNLOADING'
OMR_GC_HEAP_CARD_TABLE='#define OMR_GC_HEAP_CARD_TABLE'
OMR_GC_HYBRID_ARRAYLETS='#undef OMR_GC_HYBRID_ARRAYLETS'
OMR_GC_LARGE_OBJECT_AREA='#define OMR_GC_LARGE_OBJECT_AREA'
OMR_GC_MINIMUM_OBJECT_SIZE='#define OMR_GC_MINIMUM_OBJECT_SIZE'
OMR_GC_MODRON_COMPACTION='#undef OMR_GC_MODRON_COMPACTION'
OMR_GC_MODRON_CONCURRENT_MARK='#undef OMR_GC_MODRON_CONCURRENT_MARK'
OMR_GC_MODRON_SCAVENGER='#undef OMR_GC_MODRON_SCAVENGER'
OMR_GC_MODRON_STANDARD='#define OMR_GC_MODRON_STANDARD'
OMR_GC_NON_ZERO_TLH='#define OMR_GC_NON_ZERO_TLH'
OMR_GC_OBJECT_ALLOCATION_NOTIFY='#undef OMR_GC_OBJECT_ALLOCATION_NOTIFY'
OMR_GC_OBJECT_MAP='#undef OMR_GC_OBJECT_MAP'
OMR_GC_REALTIME='#undef OMR_GC_REALTIME'
OMR_GC_SEGREGATED_HEAP='#undef OMR_GC_SEGREGATED_HEAP'
OMR_GC_STACCATO='#undef OMR_GC_STACCATO'
OMR_GC_THREAD_LOCAL_HEAP='#define OMR_GC_THREAD_LOCAL_HEAP'
OMR_GC_TLH_PREFETCH_FTA='#define OMR_GC_TLH_PREFETCH_FTA'
OMR_GC_VLHGC='#undef OMR_GC_VLHGC'
OMR_HOST_ARCH='x86'
OMR_HOST_OS='linux'
OMR_INTERP_COMPRESSED_OBJECT_HEADER='#undef OMR_INTERP_COMPRESSED_OBJECT_HEADER'
OMR_INTERP_HAS_SEMAPHORES='#define OMR_INTERP_HAS_SEMAPHORES'
OMR_INTERP_SMALL_MONITOR_SLOT='#undef OMR_INTERP_SMALL_MONITOR_SLOT'
OMR_LIBDWARF_IPATH=''
OMR_LIBDWARF_SHARED_LIBS=''
OMR_LIBDWARF_STATIC_LIBS='dwarf elf'
OMR_OMRSIG='#define OMR_OMRSIG'
OMR_OPTIMIZE='1'
OMR_OPT_CUDA='#undef OMR_OPT_CUDA'
OMR_PORT='#define OMR_PORT'
OMR_PORT_ALLOCATE_TOP_DOWN='#undef OMR_PORT_ALLOCATE_TOP_DOWN'
OMR_PORT_ASYNC_HANDLER='#undef OMR_PORT_ASYNC_HANDLER'
OMR_PORT_CAN_RESERVE_SPECIFIC_ADDRESS='#undef OMR_PORT_CAN_RESERVE_SPECIFIC_ADDRESS'
OMR_PORT_NUMA_SUPPORT='#define OMR_PORT_NUMA_SUPPORT'
OMR_PORT_ZOS_CEEHDLRSUPPORT='#undef OMR_PORT_ZOS_CEEHDLRSUPPORT'
OMR_RAS_TDF_TRACE='#define OMR_RAS_TDF_TRACE'
OMR_TARGET_DATASIZE='32'
OMR_THREAD='#define OMR_THREAD'
OMR_THR_ADAPTIVE_SPIN='#define OMR_THR_ADAPTIVE_SPIN'
OMR_THR_CUSTOM_SPIN_OPTIONS='#undef OMR_THR_CUSTOM_SPIN_OPTIONS'
OMR_THR_FORK_SUPPORT='#define OMR_THR_FORK_SUPPORT'
OMR_THR_JLM='#define OMR_THR_JLM'
OMR_THR_JLM_HOLD_TIMES='#define OMR_THR_JLM_HOLD_TIMES'
OMR_THR_LOCK_NURSERY='#define OMR_THR_LOCK_NURSERY'
OMR_THR_THREE_TIER_LOCKING='#undef OMR_THR_THREE_TIER_LOCKING'
OMR_THR_TRACING='#undef OMR_THR_TRACING'
OMR_THR_YIELD_ALG='#undef OMR_THR_YIELD_ALG'
OMR_TOOLCHAIN='gcc'
OMR_UNDEFINED_JIT_VERSION_STRING='#define OMR_JIT_VERSION_STRING "<Unknown>"'
OMR_UNDEFINED_VERSION_STRING='#define OMR_VERSION_STRING "<Unknown>"'
OMR_WARNINGS_AS_ERRORS='1'
PACKAGE_BUGREPORT=''
PACKAGE_NAME='OMR'
PACKAGE_STRING='OMR 1.0'
PACKAGE_TARNAME='omr'
PACKAGE_URL=''
PACKAGE_VERSION='1.0'
PATH_SEPARATOR=':'
SHELL='/bin/sh'
SPEC='linux-x86'
ac_ct_CC='gcc'
ac_ct_CXX='g++'
arlibext='.a'
bindir='${exec_prefix}/bin'
build='x86_64-unknown-linux-gnu'
build_alias=''
build_cpu='x86_64'
build_os='linux-gnu'
build_vendor='unknown'
datadir='${datarootdir}'
datarootdir='${prefix}/share'
docdir='${datarootdir}/doc/${PACKAGE_TARNAME}'
dvidir='${docdir}'
enable_DDR='no'
enable_fvtest='no'
enable_fvtest_agent='no'
enable_tracegen='yes'
exe_output_dir='$(top_srcdir)'
exec_prefix='${prefix}'
exeext=''
host='x86_64-unknown-linux-gnu'
host_alias=''
host_cpu='x86_64'
host_os='linux-gnu'
host_vendor='unknown'
htmldir='${docdir}'
includedir='${prefix}/include'
infodir='${datarootdir}/info'
lib_output_dir='$(top_srcdir)/lib'
libdir='${exec_prefix}/lib'
libexecdir='${exec_prefix}/libexec'
libprefix='lib'
localedir='${datarootdir}/locale'
localstatedir='${prefix}/var'
mandir='${datarootdir}/man'
objext='.o'
oldincludedir='/usr/include'
pdfdir='${docdir}'
prefix='/usr/local'
program_transform_name='s,x,x,'
psdir='${docdir}'
sbindir='${exec_prefix}/sbin'
sharedstatedir='${prefix}/com'
solibext='.so'
sysconfdir='${prefix}/etc'
target_alias=''

## ------------------- ##
## File substitutions. ##
## ------------------- ##

OMR_JIT_VERSION_STRING='./OMR_JIT_VERSION_STRING'
OMR_VERSION_STRING='./OMR_VERSION_STRING'

## ----------- ##
## confdefs.h. ##
## ----------- ##

/* confdefs.h */
#define PACKAGE_NAME "OMR"
#define PACKAGE_TARNAME "omr"
#define PACKAGE_VERSION "1.0"
#define PACKAGE_STRING "OMR 1.0"
#define PACKAGE_BUGREPORT ""
#define PACKAGE_URL ""
#define STDC_HEADERS 1
#define HAVE_SYS_TYPES_H 1
#define HAVE_SYS_STAT_H 1
#define HAVE_STDLIB_H 1
#define HAVE_STRING_H 1
#define HAVE_MEMORY_H 1
#define HAVE_STRINGS_H 1
#define HAVE_INTTYPES_H 1
#define HAVE_STDINT_H 1
#define HAVE_UNISTD_H 1
#define HAVE_NUMA_H 1

configure: exit 0
