This file contains any messages produced by compilers while
running configure, to aid debugging if configure makes a mistake.

It was created by OMR configure 1.0, which was
generated by GNU Autoconf 2.69.  Invocation command line was

  $ ./configure 

## --------- ##
## Platform. ##
## --------- ##

hostname = zgl
uname -m = x86_64
uname -r = 3.10.0-327.18.2.el7.x86_64
uname -s = Linux
uname -v = #1 SMP Fri Apr 8 05:09:53 EDT 2016

/usr/bin/uname -p = x86_64
/bin/uname -X     = unknown

/bin/arch              = x86_64
/usr/bin/arch -k       = unknown
/usr/convex/getsysinfo = unknown
/usr/bin/hostinfo      = unknown
/bin/machine           = unknown
/usr/bin/oslevel       = unknown
/bin/universe          = unknown

PATH: /usr/lib64/qt-3.3/bin
PATH: /usr/local/bin
PATH: /usr/bin
PATH: /home/zhanggan/bin
PATH: /usr/local/sbin
PATH: /usr/sbin
PATH: /opt/ibm/c4eb/bin
PATH: /usr/kerberos/bin


## ----------- ##
## Core tests. ##
## ----------- ##

configure:2186: checking build system type
configure:2200: result: x86_64-unknown-linux-gnu
configure:2222: checking OMR_BUILD_OS
configure:2252: result: linux
configure:2256: checking OMR_BUILD_ARCH
configure:2286: result: x86
configure:2337: checking for gcc
configure:2353: found /usr/bin/gcc
configure:2364: result: gcc
configure:2593: checking for C compiler version
configure:2602: gcc --version >&5
gcc (GCC) 4.8.5 20150623 (Red Hat 4.8.5-4)
Copyright (C) 2015 Free Software Foundation, Inc.
This is free software; see the source for copying conditions.  There is NO
warranty; not even for MERCHANTABILITY or FITNESS FOR A PARTICULAR PURPOSE.

configure:2613: $? = 0
configure:2602: gcc -v >&5
Using built-in specs.
COLLECT_GCC=gcc
COLLECT_LTO_WRAPPER=/usr/libexec/gcc/x86_64-redhat-linux/4.8.5/lto-wrapper
Target: x86_64-redhat-linux
Configured with: ../configure --prefix=/usr --mandir=/usr/share/man --infodir=/usr/share/info --with-bugurl=http://bugzilla.redhat.com/bugzilla --enable-bootstrap --enable-shared --enable-threads=posix --enable-checking=release --with-system-zlib --enable-__cxa_atexit --disable-libunwind-exceptions --enable-gnu-unique-object --enable-linker-build-id --with-linker-hash-style=gnu --enable-languages=c,c++,objc,obj-c++,java,fortran,ada,go,lto --enable-plugin --enable-initfini-array --disable-libgcj --with-isl=/builddir/build/BUILD/gcc-4.8.5-20150702/obj-x86_64-redhat-linux/isl-install --with-cloog=/builddir/build/BUILD/gcc-4.8.5-20150702/obj-x86_64-redhat-linux/cloog-install --enable-gnu-indirect-function --with-tune=generic --with-arch_32=x86-64 --build=x86_64-redhat-linux
Thread model: posix
gcc version 4.8.5 20150623 (Red Hat 4.8.5-4) (GCC) 
configure:2613: $? = 0
configure:2602: gcc -V >&5
gcc: error: unrecognized command line option '-V'
gcc: fatal error: no input files
compilation terminated.
configure:2613: $? = 4
configure:2602: gcc -qversion >&5
gcc: error: unrecognized command line option '-qversion'
gcc: fatal error: no input files
compilation terminated.
configure:2613: $? = 4
configure:2633: checking whether the C compiler works
configure:2655: gcc    conftest.c  >&5
configure:2659: $? = 0
configure:2707: result: yes
configure:2710: checking for C compiler default output file name
configure:2712: result: a.out
configure:2718: checking for suffix of executables
configure:2725: gcc -o conftest    conftest.c  >&5
configure:2729: $? = 0
configure:2751: result: 
configure:2773: checking whether we are cross compiling
configure:2781: gcc -o conftest    conftest.c  >&5
configure:2785: $? = 0
configure:2792: ./conftest
configure:2796: $? = 0
configure:2811: result: no
configure:2816: checking for suffix of object files
configure:2838: gcc -c   conftest.c >&5
configure:2842: $? = 0
configure:2863: result: o
configure:2867: checking whether we are using the GNU C compiler
configure:2886: gcc -c   conftest.c >&5
configure:2886: $? = 0
configure:2895: result: yes
configure:2904: checking whether gcc accepts -g
configure:2924: gcc -c -g  conftest.c >&5
configure:2924: $? = 0
configure:2965: result: yes
configure:2982: checking for gcc option to accept ISO C89
configure:3045: gcc  -c -g -O2  conftest.c >&5
configure:3045: $? = 0
configure:3058: result: none needed
configure:3136: checking for g++
configure:3152: found /usr/bin/g++
configure:3163: result: g++
configure:3190: checking for C++ compiler version
configure:3199: g++ --version >&5
g++ (GCC) 4.8.5 20150623 (Red Hat 4.8.5-4)
Copyright (C) 2015 Free Software Foundation, Inc.
This is free software; see the source for copying conditions.  There is NO
warranty; not even for MERCHANTABILITY or FITNESS FOR A PARTICULAR PURPOSE.

configure:3210: $? = 0
configure:3199: g++ -v >&5
Using built-in specs.
COLLECT_GCC=g++
COLLECT_LTO_WRAPPER=/usr/libexec/gcc/x86_64-redhat-linux/4.8.5/lto-wrapper
Target: x86_64-redhat-linux
Configured with: ../configure --prefix=/usr --mandir=/usr/share/man --infodir=/usr/share/info --with-bugurl=http://bugzilla.redhat.com/bugzilla --enable-bootstrap --enable-shared --enable-threads=posix --enable-checking=release --with-system-zlib --enable-__cxa_atexit --disable-libunwind-exceptions --enable-gnu-unique-object --enable-linker-build-id --with-linker-hash-style=gnu --enable-languages=c,c++,objc,obj-c++,java,fortran,ada,go,lto --enable-plugin --enable-initfini-array --disable-libgcj --with-isl=/builddir/build/BUILD/gcc-4.8.5-20150702/obj-x86_64-redhat-linux/isl-install --with-cloog=/builddir/build/BUILD/gcc-4.8.5-20150702/obj-x86_64-redhat-linux/cloog-install --enable-gnu-indirect-function --with-tune=generic --with-arch_32=x86-64 --build=x86_64-redhat-linux
Thread model: posix
gcc version 4.8.5 20150623 (Red Hat 4.8.5-4) (GCC) 
configure:3210: $? = 0
configure:3199: g++ -V >&5
g++: error: unrecognized command line option '-V'
g++: fatal error: no input files
compilation terminated.
configure:3210: $? = 4
configure:3199: g++ -qversion >&5
g++: error: unrecognized command line option '-qversion'
g++: fatal error: no input files
compilation terminated.
configure:3210: $? = 4
configure:3214: checking whether we are using the GNU C++ compiler
configure:3233: g++ -c   conftest.cpp >&5
configure:3233: $? = 0
configure:3242: result: yes
configure:3251: checking whether g++ accepts -g
configure:3271: g++ -c -g  conftest.cpp >&5
configure:3271: $? = 0
configure:3312: result: yes
configure:3342: checking how to run the C preprocessor
configure:3373: gcc -E  conftest.c
configure:3373: $? = 0
configure:3387: gcc -E  conftest.c
conftest.c:9:28: fatal error: ac_nonexistent.h: No such file or directory
 #include <ac_nonexistent.h>
                            ^
compilation terminated.
configure:3387: $? = 1
configure: failed program was:
| /* confdefs.h */
| #define PACKAGE_NAME "OMR"
| #define PACKAGE_TARNAME "omr"
| #define PACKAGE_VERSION "1.0"
| #define PACKAGE_STRING "OMR 1.0"
| #define PACKAGE_BUGREPORT ""
| #define PACKAGE_URL ""
| /* end confdefs.h.  */
| #include <ac_nonexistent.h>
configure:3412: result: gcc -E
configure:3432: gcc -E  conftest.c
configure:3432: $? = 0
configure:3446: gcc -E  conftest.c
conftest.c:9:28: fatal error: ac_nonexistent.h: No such file or directory
 #include <ac_nonexistent.h>
                            ^
compilation terminated.
configure:3446: $? = 1
configure: failed program was:
| /* confdefs.h */
| #define PACKAGE_NAME "OMR"
| #define PACKAGE_TARNAME "omr"
| #define PACKAGE_VERSION "1.0"
| #define PACKAGE_STRING "OMR 1.0"
| #define PACKAGE_BUGREPORT ""
| #define PACKAGE_URL ""
| /* end confdefs.h.  */
| #include <ac_nonexistent.h>
configure:3475: checking for grep that handles long lines and -e
configure:3533: result: /usr/bin/grep
configure:3538: checking for egrep
configure:3600: result: /usr/bin/grep -E
configure:3605: checking for ANSI C header files
configure:3625: gcc -c -g -O2  conftest.c >&5
configure:3625: $? = 0
configure:3698: gcc -o conftest -g -O2   conftest.c  >&5
configure:3698: $? = 0
configure:3698: ./conftest
configure:3698: $? = 0
configure:3709: result: yes
configure:3722: checking for sys/types.h
configure:3722: gcc -c -g -O2  conftest.c >&5
configure:3722: $? = 0
configure:3722: result: yes
configure:3722: checking for sys/stat.h
configure:3722: gcc -c -g -O2  conftest.c >&5
configure:3722: $? = 0
configure:3722: result: yes
configure:3722: checking for stdlib.h
configure:3722: gcc -c -g -O2  conftest.c >&5
configure:3722: $? = 0
configure:3722: result: yes
configure:3722: checking for string.h
configure:3722: gcc -c -g -O2  conftest.c >&5
configure:3722: $? = 0
configure:3722: result: yes
configure:3722: checking for memory.h
configure:3722: gcc -c -g -O2  conftest.c >&5
configure:3722: $? = 0
configure:3722: result: yes
configure:3722: checking for strings.h
configure:3722: gcc -c -g -O2  conftest.c >&5
configure:3722: $? = 0
configure:3722: result: yes
configure:3722: checking for inttypes.h
configure:3722: gcc -c -g -O2  conftest.c >&5
configure:3722: $? = 0
configure:3722: result: yes
configure:3722: checking for stdint.h
configure:3722: gcc -c -g -O2  conftest.c >&5
configure:3722: $? = 0
configure:3722: result: yes
configure:3722: checking for unistd.h
configure:3722: gcc -c -g -O2  conftest.c >&5
configure:3722: $? = 0
configure:3722: result: yes
configure:3738: checking size of void *
configure:3743: gcc -o conftest -g -O2   conftest.c  >&5
configure:3743: $? = 0
configure:3743: ./conftest
configure:3743: $? = 0
configure:3757: result: 8
configure:3767: checking OMR_BUILD_DATASIZE
configure:3774: result: 64
configure:3777: checking OMR_BUILD_TOOLCHAIN
configure:3833: result: gcc
configure:4002: creating ./config.status

## ---------------------- ##
## Running config.status. ##
## ---------------------- ##

This file was extended by OMR config.status 1.0, which was
generated by GNU Autoconf 2.69.  Invocation command line was

  CONFIG_FILES    = 
  CONFIG_HEADERS  = 
  CONFIG_LINKS    = 
  CONFIG_COMMANDS = 
  $ ./config.status 

on zgl

config.status:736: creating ../omrmakefiles/toolconfigure.mk

## ---------------- ##
## Cache variables. ##
## ---------------- ##

ac_cv_build=x86_64-unknown-linux-gnu
ac_cv_c_compiler_gnu=yes
ac_cv_cxx_compiler_gnu=yes
ac_cv_env_CCC_set=
ac_cv_env_CCC_value=
ac_cv_env_CC_set=
ac_cv_env_CC_value=
ac_cv_env_CFLAGS_set=
ac_cv_env_CFLAGS_value=
ac_cv_env_CPPFLAGS_set=
ac_cv_env_CPPFLAGS_value=
ac_cv_env_CPP_set=
ac_cv_env_CPP_value=
ac_cv_env_CXXFLAGS_set=
ac_cv_env_CXXFLAGS_value=
ac_cv_env_CXX_set=
ac_cv_env_CXX_value=
ac_cv_env_LDFLAGS_set=
ac_cv_env_LDFLAGS_value=
ac_cv_env_LIBS_set=
ac_cv_env_LIBS_value=
ac_cv_env_build_alias_set=
ac_cv_env_build_alias_value=
ac_cv_env_host_alias_set=
ac_cv_env_host_alias_value=
ac_cv_env_target_alias_set=
ac_cv_env_target_alias_value=
ac_cv_header_inttypes_h=yes
ac_cv_header_memory_h=yes
ac_cv_header_stdc=yes
ac_cv_header_stdint_h=yes
ac_cv_header_stdlib_h=yes
ac_cv_header_string_h=yes
ac_cv_header_strings_h=yes
ac_cv_header_sys_stat_h=yes
ac_cv_header_sys_types_h=yes
ac_cv_header_unistd_h=yes
ac_cv_objext=o
ac_cv_path_EGREP='/usr/bin/grep -E'
ac_cv_path_GREP=/usr/bin/grep
ac_cv_prog_CPP='gcc -E'
ac_cv_prog_ac_ct_CC=gcc
ac_cv_prog_ac_ct_CXX=g++
ac_cv_prog_cc_c89=
ac_cv_prog_cc_g=yes
ac_cv_prog_cxx_g=yes
ac_cv_sizeof_void_p=8

## ----------------- ##
## Output variables. ##
## ----------------- ##

CC='gcc'
CFLAGS='-g -O2'
CPP='gcc -E'
CPPFLAGS=''
CXX='g++'
CXXFLAGS='-g -O2'
DEFS='-DPACKAGE_NAME=\"OMR\" -DPACKAGE_TARNAME=\"omr\" -DPACKAGE_VERSION=\"1.0\" -DPACKAGE_STRING=\"OMR\ 1.0\" -DPACKAGE_BUGREPORT=\"\" -DPACKAGE_URL=\"\" -DSTDC_HEADERS=1 -DHAVE_SYS_TYPES_H=1 -DHAVE_SYS_STAT_H=1 -DHAVE_STDLIB_H=1 -DHAVE_STRING_H=1 -DHAVE_MEMORY_H=1 -DHAVE_STRINGS_H=1 -DHAVE_INTTYPES_H=1 -DHAVE_STDINT_H=1 -DHAVE_UNISTD_H=1 -DSIZEOF_VOID_P=8'
ECHO_C=''
ECHO_N='-n'
ECHO_T=''
EGREP='/usr/bin/grep -E'
EXEEXT=''
GREP='/usr/bin/grep'
LDFLAGS=''
LIBOBJS=''
LIBS=''
LTLIBOBJS=''
OBJEXT='o'
OMR_BUILD_ARCH='x86'
OMR_BUILD_CC='gcc'
OMR_BUILD_CXX='g++'
OMR_BUILD_DATASIZE='64'
OMR_BUILD_OS='linux'
OMR_BUILD_TOOLCHAIN='gcc'
PACKAGE_BUGREPORT=''
PACKAGE_NAME='OMR'
PACKAGE_STRING='OMR 1.0'
PACKAGE_TARNAME='omr'
PACKAGE_URL=''
PACKAGE_VERSION='1.0'
PATH_SEPARATOR=':'
SHELL='/bin/sh'
ac_ct_CC='gcc'
ac_ct_CXX='g++'
bindir='${exec_prefix}/bin'
build='x86_64-unknown-linux-gnu'
build_alias=''
build_cpu='x86_64'
build_os='linux-gnu'
build_vendor='unknown'
datadir='${datarootdir}'
datarootdir='${prefix}/share'
docdir='${datarootdir}/doc/${PACKAGE_TARNAME}'
dvidir='${docdir}'
exec_prefix='${prefix}'
host_alias=''
htmldir='${docdir}'
includedir='${prefix}/include'
infodir='${datarootdir}/info'
libdir='${exec_prefix}/lib'
libexecdir='${exec_prefix}/libexec'
localedir='${datarootdir}/locale'
localstatedir='${prefix}/var'
mandir='${datarootdir}/man'
oldincludedir='/usr/include'
pdfdir='${docdir}'
prefix='/usr/local'
program_transform_name='s,x,x,'
psdir='${docdir}'
sbindir='${exec_prefix}/sbin'
sharedstatedir='${prefix}/com'
sysconfdir='${prefix}/etc'
target_alias=''

## ----------- ##
## confdefs.h. ##
## ----------- ##

/* confdefs.h */
#define PACKAGE_NAME "OMR"
#define PACKAGE_TARNAME "omr"
#define PACKAGE_VERSION "1.0"
#define PACKAGE_STRING "OMR 1.0"
#define PACKAGE_BUGREPORT ""
#define PACKAGE_URL ""
#define STDC_HEADERS 1
#define HAVE_SYS_TYPES_H 1
#define HAVE_SYS_STAT_H 1
#define HAVE_STDLIB_H 1
#define HAVE_STRING_H 1
#define HAVE_MEMORY_H 1
#define HAVE_STRINGS_H 1
#define HAVE_INTTYPES_H 1
#define HAVE_STDINT_H 1
#define HAVE_UNISTD_H 1
#define SIZEOF_VOID_P 8

configure: exit 0
